# JRE version: OpenJDK Runtime Environment Temurin-17.0.9+9 (17.0.9+9) (build 17.0.9+9)
# Java VM: OpenJDK 64-Bit Server VM Temurin-17.0.9+9 (17.0.9+9, mixed mode, tiered, compressed oops, compressed class ptrs, g1 gc, windows-amd64)
GC Precious Log:
 CPUs: 8 total, 8 available
 Memory: 7959M
 Large Page Support: Disabled
 NUMA Support: Disabled
 Compressed Oops: Enabled (32-bit)
 Heap Region Size: 1M
 Heap Min Capacity: 8M
 Heap Initial Capacity: 126M
 Heap Max Capacity: 1990M
 Pre-touch: Disabled
 Parallel Workers: 8
 Concurrent Workers: 2
 Concurrent Refinement Workers: 8
 Periodic GC: Disabled
Heap:
 garbage-first heap   total 48128K, used 31656K [0x0000000083a00000, 0x0000000100000000)
  region size 1024K, 17 young (17408K), 3 survivors (3072K)
 Metaspace       used 35320K, committed 35712K, reserved 1114112K
  class space    used 4182K, committed 4352K, reserved 1048576K
GC Heap History (14 events):
Event: 0.958 GC heap before
{Heap before GC invocations=0 (full 0):
 garbage-first heap   total 129024K, used 26624K [0x0000000083a00000, 0x0000000100000000)
  region size 1024K, 23 young (23552K), 0 survivors (0K)
 Metaspace       used 13626K, committed 13760K, reserved 1114112K
  class space    used 1367K, committed 1408K, reserved 1048576K
}
Event: 0.964 GC heap after
{Heap after GC invocations=1 (full 0):
 garbage-first heap   total 129024K, used 8838K [0x0000000083a00000, 0x0000000100000000)
  region size 1024K, 3 young (3072K), 3 survivors (3072K)
 Metaspace       used 13626K, committed 13760K, reserved 1114112K
  class space    used 1367K, committed 1408K, reserved 1048576K
}
Event: 1.712 GC heap before
{Heap before GC invocations=1 (full 0):
 garbage-first heap   total 129024K, used 35462K [0x0000000083a00000, 0x0000000100000000)
  region size 1024K, 30 young (30720K), 3 survivors (3072K)
 Metaspace       used 21254K, committed 21504K, reserved 1114112K
  class space    used 2293K, committed 2432K, reserved 1048576K
}
Event: 1.719 GC heap after
{Heap after GC invocations=2 (full 0):
 garbage-first heap   total 129024K, used 11463K [0x0000000083a00000, 0x0000000100000000)
  region size 1024K, 3 young (3072K), 3 survivors (3072K)
 Metaspace       used 21254K, committed 21504K, reserved 1114112K
  class space    used 2293K, committed 2432K, reserved 1048576K
}
Event: 2.224 GC heap before
{Heap before GC invocations=3 (full 0):
 garbage-first heap   total 48128K, used 33991K [0x0000000083a00000, 0x0000000100000000)
  region size 1024K, 26 young (26624K), 3 survivors (3072K)
 Metaspace       used 26206K, committed 26432K, reserved 1114112K
  class space    used 2966K, committed 3072K, reserved 1048576K
}
Event: 2.229 GC heap after
{Heap after GC invocations=4 (full 0):
 garbage-first heap   total 48128K, used 13493K [0x0000000083a00000, 0x0000000100000000)
  region size 1024K, 3 young (3072K), 3 survivors (3072K)
 Metaspace       used 26206K, committed 26432K, reserved 1114112K
  class space    used 2966K, committed 3072K, reserved 1048576K
}
Event: 2.247 GC heap before
{Heap before GC invocations=4 (full 0):
 garbage-first heap   total 48128K, used 14517K [0x0000000083a00000, 0x0000000100000000)
  region size 1024K, 4 young (4096K), 3 survivors (3072K)
 Metaspace       used 26463K, committed 26752K, reserved 1114112K
  class space    used 2987K, committed 3136K, reserved 1048576K
}
Event: 2.250 GC heap after
{Heap after GC invocations=5 (full 0):
 garbage-first heap   total 48128K, used 13716K [0x0000000083a00000, 0x0000000100000000)
  region size 1024K, 1 young (1024K), 1 survivors (1024K)
 Metaspace       used 26463K, committed 26752K, reserved 1114112K
  class space    used 2987K, committed 3136K, reserved 1048576K
}
Event: 2.966 GC heap before
{Heap before GC invocations=5 (full 0):
 garbage-first heap   total 48128K, used 32148K [0x0000000083a00000, 0x0000000100000000)
  region size 1024K, 19 young (19456K), 1 survivors (1024K)
 Metaspace       used 28159K, committed 28416K, reserved 1114112K
  class space    used 3171K, committed 3328K, reserved 1048576K
}
Event: 2.971 GC heap after
{Heap after GC invocations=6 (full 0):
 garbage-first heap   total 48128K, used 15542K [0x0000000083a00000, 0x0000000100000000)
  region size 1024K, 3 young (3072K), 3 survivors (3072K)
 Metaspace       used 28159K, committed 28416K, reserved 1114112K
  class space    used 3171K, committed 3328K, reserved 1048576K
}
Event: 3.651 GC heap before
{Heap before GC invocations=6 (full 0):
 garbage-first heap   total 48128K, used 33974K [0x0000000083a00000, 0x0000000100000000)
  region size 1024K, 21 young (21504K), 3 survivors (3072K)
 Metaspace       used 30574K, committed 30848K, reserved 1114112K
  class space    used 3447K, committed 3584K, reserved 1048576K
}
Event: 3.656 GC heap after
{Heap after GC invocations=7 (full 0):
 garbage-first heap   total 48128K, used 16922K [0x0000000083a00000, 0x0000000100000000)
  region size 1024K, 2 young (2048K), 2 survivors (2048K)
 Metaspace       used 30574K, committed 30848K, reserved 1114112K
  class space    used 3447K, committed 3584K, reserved 1048576K
}
Event: 4.607 GC heap before
{Heap before GC invocations=7 (full 0):
 garbage-first heap   total 48128K, used 34330K [0x0000000083a00000, 0x0000000100000000)
  region size 1024K, 19 young (19456K), 2 survivors (2048K)
 Metaspace       used 32935K, committed 33280K, reserved 1114112K
  class space    used 3796K, committed 3968K, reserved 1048576K
}
Event: 4.616 GC heap after
{Heap after GC invocations=8 (full 0):
 garbage-first heap   total 48128K, used 18344K [0x0000000083a00000, 0x0000000100000000)
  region size 1024K, 3 young (3072K), 3 survivors (3072K)
 Metaspace       used 32935K, committed 33280K, reserved 1114112K
  class space    used 3796K, committed 3968K, reserved 1048576K
}

